<?xml version="1.0" encoding="UTF-8"?>
<!-- Generated by org.testng.reporters.JUnitReportReporter -->
<testsuite skipped="0" hostname="ilas-MacBook-Pro.local" name="io.codepen.FirstMoveTest" tests="1" failures="0" timestamp="24 Mar 2019 23:01:08 GMT" time="4.317" errors="0">
  <testcase name="MakeFirstMove" time="4.317" classname="io.codepen.FirstMoveTest"/>
</testsuite> <!-- io.codepen.FirstMoveTest -->
