<?xml version="1.0" encoding="UTF-8"?>
<!-- Generated by org.testng.reporters.JUnitReportReporter -->
<testsuite skipped="0" hostname="ilas-MacBook-Pro.local" name="io.codepen.StartGameTest" tests="1" failures="0" timestamp="24 Mar 2019 20:22:51 GMT" time="4.341" errors="0">
  <testcase name="StartGame" time="4.341" classname="io.codepen.StartGameTest"/>
</testsuite> <!-- io.codepen.StartGameTest -->
