<?xml version="1.0" encoding="UTF-8"?>
<!-- Generated by org.testng.reporters.JUnitReportReporter -->
<testsuite skipped="0" hostname="ilas-MacBook-Pro.local" name="io.codepen.FirstMoveTest" tests="1" failures="0" timestamp="25 Mar 2019 00:14:29 GMT" time="6.048" errors="0">
  <testcase name="MakeFirstMove" time="6.048" classname="io.codepen.FirstMoveTest"/>
</testsuite> <!-- io.codepen.FirstMoveTest -->
